This file contains any messages produced by compilers while
running configure, to aid debugging if configure makes a mistake.

It was created by Protocol Buffers configure 2.3.0, which was
generated by GNU Autoconf 2.63.  Invocation command line was

  $ ./configure --prefix=/u/bordesa/Desktop/sentiment_forET/lib/protobuf/../install --exec-prefix=/u/bordesa/Desktop/sentiment_forET/lib/protobuf/../install --no-create --no-recursion

## --------- ##
## Platform. ##
## --------- ##

hostname = leprof.iro.umontreal.ca
uname -m = x86_64
uname -r = 2.6.27.25-78.2.56.fc9.x86_64
uname -s = Linux
uname -v = #1 SMP Thu Jun 18 12:24:37 EDT 2009

/usr/bin/uname -p = unknown
/bin/uname -X     = unknown

/bin/arch              = x86_64
/usr/bin/arch -k       = unknown
/usr/convex/getsysinfo = unknown
/usr/bin/hostinfo      = unknown
/bin/machine           = unknown
/usr/bin/oslevel       = unknown
/bin/universe          = unknown

PATH: /u/bordesa/Jobman/bin
PATH: /u/bordesa/Jobman/bin
PATH: /opt/lisa/PLearn/commands
PATH: /opt/lisa/PLearn/scripts/EXPERIMENTAL
PATH: /opt/lisa/PLearn/scripts
PATH: /opt/condor/bin
PATH: /opt/lisa/os/cuda/cudaprof/bin/
PATH: /opt/lisa/os/cuda/bin
PATH: /opt/lisa/byhost/bin
PATH: /opt/lisa/os/bin
PATH: /usr/lib64/qt-3.3/bin
PATH: /usr/kerberos/bin
PATH: /usr/local/bin
PATH: /usr/bin
PATH: /bin
PATH: /usr/games
PATH: /opt/diro/bin
PATH: /opt/lisa/os/panda/bin


## ----------- ##
## Core tests. ##
## ----------- ##

configure:2113: checking build system type
configure:2131: result: x86_64-unknown-linux-gnu
configure:2153: checking host system type
configure:2168: result: x86_64-unknown-linux-gnu
configure:2190: checking target system type
configure:2205: result: x86_64-unknown-linux-gnu
configure:2250: checking for a BSD-compatible install
configure:2318: result: /usr/bin/install -c
configure:2329: checking whether build environment is sane
configure:2372: result: yes
configure:2397: checking for a thread-safe mkdir -p
configure:2436: result: /bin/mkdir -p
configure:2449: checking for gawk
configure:2465: found /usr/bin/gawk
configure:2476: result: gawk
configure:2487: checking whether make sets $(MAKE)
configure:2509: result: yes
configure:2761: checking for gcc
configure:2777: found /usr/bin/gcc
configure:2788: result: gcc
configure:3020: checking for C compiler version
configure:3028: gcc --version >&5
gcc (GCC) 4.3.0 20080428 (Red Hat 4.3.0-8)
Copyright (C) 2008 Free Software Foundation, Inc.
This is free software; see the source for copying conditions.  There is NO
warranty; not even for MERCHANTABILITY or FITNESS FOR A PARTICULAR PURPOSE.

configure:3032: $? = 0
configure:3039: gcc -v >&5
Using built-in specs.
Target: x86_64-redhat-linux
Configured with: ../configure --prefix=/usr --mandir=/usr/share/man --infodir=/usr/share/info --with-bugurl=http://bugzilla.redhat.com/bugzilla --enable-bootstrap --enable-shared --enable-threads=posix --enable-checking=release --with-system-zlib --enable-__cxa_atexit --disable-libunwind-exceptions --enable-languages=c,c++,objc,obj-c++,java,fortran,ada --enable-java-awt=gtk --disable-dssi --enable-plugin --with-java-home=/usr/lib/jvm/java-1.5.0-gcj-1.5.0.0/jre --enable-libgcj-multifile --enable-java-maintainer-mode --with-ecj-jar=/usr/share/java/eclipse-ecj.jar --disable-libjava-multilib --with-cpu=generic --build=x86_64-redhat-linux
Thread model: posix
gcc version 4.3.0 20080428 (Red Hat 4.3.0-8) (GCC) 
configure:3043: $? = 0
configure:3050: gcc -V >&5
gcc: '-V' option must have argument
configure:3054: $? = 1
configure:3077: checking for C compiler default output file name
configure:3099: gcc    conftest.c  >&5
configure:3103: $? = 0
configure:3141: result: a.out
configure:3160: checking whether the C compiler works
configure:3170: ./a.out
configure:3174: $? = 0
configure:3193: result: yes
configure:3200: checking whether we are cross compiling
configure:3202: result: no
configure:3205: checking for suffix of executables
configure:3212: gcc -o conftest    conftest.c  >&5
configure:3216: $? = 0
configure:3242: result: 
configure:3248: checking for suffix of object files
configure:3274: gcc -c   conftest.c >&5
configure:3278: $? = 0
configure:3303: result: o
configure:3307: checking whether we are using the GNU C compiler
configure:3336: gcc -c   conftest.c >&5
configure:3343: $? = 0
configure:3360: result: yes
configure:3369: checking whether gcc accepts -g
configure:3399: gcc -c -g  conftest.c >&5
configure:3406: $? = 0
configure:3507: result: yes
configure:3524: checking for gcc option to accept ISO C89
configure:3598: gcc  -c   conftest.c >&5
configure:3605: $? = 0
configure:3628: result: none needed
configure:3657: checking for style of include used by make
configure:3685: result: GNU
configure:3710: checking dependency style of gcc
configure:3801: result: gcc3
configure:3874: checking for g++
configure:3890: found /usr/bin/g++
configure:3901: result: g++
configure:3928: checking for C++ compiler version
configure:3936: g++ --version >&5
g++ (GCC) 4.3.0 20080428 (Red Hat 4.3.0-8)
Copyright (C) 2008 Free Software Foundation, Inc.
This is free software; see the source for copying conditions.  There is NO
warranty; not even for MERCHANTABILITY or FITNESS FOR A PARTICULAR PURPOSE.

configure:3940: $? = 0
configure:3947: g++ -v >&5
Using built-in specs.
Target: x86_64-redhat-linux
Configured with: ../configure --prefix=/usr --mandir=/usr/share/man --infodir=/usr/share/info --with-bugurl=http://bugzilla.redhat.com/bugzilla --enable-bootstrap --enable-shared --enable-threads=posix --enable-checking=release --with-system-zlib --enable-__cxa_atexit --disable-libunwind-exceptions --enable-languages=c,c++,objc,obj-c++,java,fortran,ada --enable-java-awt=gtk --disable-dssi --enable-plugin --with-java-home=/usr/lib/jvm/java-1.5.0-gcj-1.5.0.0/jre --enable-libgcj-multifile --enable-java-maintainer-mode --with-ecj-jar=/usr/share/java/eclipse-ecj.jar --disable-libjava-multilib --with-cpu=generic --build=x86_64-redhat-linux
Thread model: posix
gcc version 4.3.0 20080428 (Red Hat 4.3.0-8) (GCC) 
configure:3951: $? = 0
configure:3958: g++ -V >&5
g++: '-V' option must have argument
configure:3962: $? = 1
configure:3965: checking whether we are using the GNU C++ compiler
configure:3994: g++ -c   conftest.cpp >&5
configure:4001: $? = 0
configure:4018: result: yes
configure:4027: checking whether g++ accepts -g
configure:4057: g++ -c -g  conftest.cpp >&5
configure:4064: $? = 0
configure:4165: result: yes
configure:4190: checking dependency style of g++
configure:4281: result: gcc3
configure:4308: checking how to run the C++ preprocessor
configure:4344: g++ -E  conftest.cpp
configure:4351: $? = 0
configure:4382: g++ -E  conftest.cpp
conftest.cpp:10:28: error: ac_nonexistent.h: No such file or directory
configure:4389: $? = 1
configure: failed program was:
| /* confdefs.h.  */
| #define PACKAGE_NAME "Protocol Buffers"
| #define PACKAGE_TARNAME "protobuf"
| #define PACKAGE_VERSION "2.3.0"
| #define PACKAGE_STRING "Protocol Buffers 2.3.0"
| #define PACKAGE_BUGREPORT "protobuf@googlegroups.com"
| #define PACKAGE "protobuf"
| #define VERSION "2.3.0"
| /* end confdefs.h.  */
| #include <ac_nonexistent.h>
configure:4422: result: g++ -E
configure:4451: g++ -E  conftest.cpp
configure:4458: $? = 0
configure:4489: g++ -E  conftest.cpp
conftest.cpp:10:28: error: ac_nonexistent.h: No such file or directory
configure:4496: $? = 1
configure: failed program was:
| /* confdefs.h.  */
| #define PACKAGE_NAME "Protocol Buffers"
| #define PACKAGE_TARNAME "protobuf"
| #define PACKAGE_VERSION "2.3.0"
| #define PACKAGE_STRING "Protocol Buffers 2.3.0"
| #define PACKAGE_BUGREPORT "protobuf@googlegroups.com"
| #define PACKAGE "protobuf"
| #define VERSION "2.3.0"
| /* end confdefs.h.  */
| #include <ac_nonexistent.h>
configure:4536: checking for grep that handles long lines and -e
configure:4596: result: /bin/grep
configure:4601: checking for egrep
configure:4665: result: /bin/grep -E
configure:4670: checking for ANSI C header files
configure:4700: g++ -c   conftest.cpp >&5
configure:4707: $? = 0
configure:4806: g++ -o conftest    conftest.cpp  >&5
configure:4810: $? = 0
configure:4816: ./conftest
configure:4820: $? = 0
configure:4838: result: yes
configure:4862: checking for sys/types.h
configure:4883: g++ -c   conftest.cpp >&5
configure:4890: $? = 0
configure:4907: result: yes
configure:4862: checking for sys/stat.h
configure:4883: g++ -c   conftest.cpp >&5
configure:4890: $? = 0
configure:4907: result: yes
configure:4862: checking for stdlib.h
configure:4883: g++ -c   conftest.cpp >&5
configure:4890: $? = 0
configure:4907: result: yes
configure:4862: checking for string.h
configure:4883: g++ -c   conftest.cpp >&5
configure:4890: $? = 0
configure:4907: result: yes
configure:4862: checking for memory.h
configure:4883: g++ -c   conftest.cpp >&5
configure:4890: $? = 0
configure:4907: result: yes
configure:4862: checking for strings.h
configure:4883: g++ -c   conftest.cpp >&5
configure:4890: $? = 0
configure:4907: result: yes
configure:4862: checking for inttypes.h
configure:4883: g++ -c   conftest.cpp >&5
configure:4890: $? = 0
configure:4907: result: yes
configure:4862: checking for stdint.h
configure:4883: g++ -c   conftest.cpp >&5
configure:4890: $? = 0
configure:4907: result: yes
configure:4862: checking for unistd.h
configure:4883: g++ -c   conftest.cpp >&5
configure:4890: $? = 0
configure:4907: result: yes
configure:4934: checking minix/config.h usability
configure:4951: g++ -c   conftest.cpp >&5
conftest.cpp:53:26: error: minix/config.h: No such file or directory
configure:4958: $? = 1
configure: failed program was:
| /* confdefs.h.  */
| #define PACKAGE_NAME "Protocol Buffers"
| #define PACKAGE_TARNAME "protobuf"
| #define PACKAGE_VERSION "2.3.0"
| #define PACKAGE_STRING "Protocol Buffers 2.3.0"
| #define PACKAGE_BUGREPORT "protobuf@googlegroups.com"
| #define PACKAGE "protobuf"
| #define VERSION "2.3.0"
| #define STDC_HEADERS 1
| #define HAVE_SYS_TYPES_H 1
| #define HAVE_SYS_STAT_H 1
| #define HAVE_STDLIB_H 1
| #define HAVE_STRING_H 1
| #define HAVE_MEMORY_H 1
| #define HAVE_STRINGS_H 1
| #define HAVE_INTTYPES_H 1
| #define HAVE_STDINT_H 1
| #define HAVE_UNISTD_H 1
| /* end confdefs.h.  */
| #include <stdio.h>
| #ifdef HAVE_SYS_TYPES_H
| # include <sys/types.h>
| #endif
| #ifdef HAVE_SYS_STAT_H
| # include <sys/stat.h>
| #endif
| #ifdef STDC_HEADERS
| # include <stdlib.h>
| # include <stddef.h>
| #else
| # ifdef HAVE_STDLIB_H
| #  include <stdlib.h>
| # endif
| #endif
| #ifdef HAVE_STRING_H
| # if !defined STDC_HEADERS && defined HAVE_MEMORY_H
| #  include <memory.h>
| # endif
| # include <string.h>
| #endif
| #ifdef HAVE_STRINGS_H
| # include <strings.h>
| #endif
| #ifdef HAVE_INTTYPES_H
| # include <inttypes.h>
| #endif
| #ifdef HAVE_STDINT_H
| # include <stdint.h>
| #endif
| #ifdef HAVE_UNISTD_H
| # include <unistd.h>
| #endif
| #include <minix/config.h>
configure:4972: result: no
configure:4976: checking minix/config.h presence
configure:4991: g++ -E  conftest.cpp
conftest.cpp:20:26: error: minix/config.h: No such file or directory
configure:4998: $? = 1
configure: failed program was:
| /* confdefs.h.  */
| #define PACKAGE_NAME "Protocol Buffers"
| #define PACKAGE_TARNAME "protobuf"
| #define PACKAGE_VERSION "2.3.0"
| #define PACKAGE_STRING "Protocol Buffers 2.3.0"
| #define PACKAGE_BUGREPORT "protobuf@googlegroups.com"
| #define PACKAGE "protobuf"
| #define VERSION "2.3.0"
| #define STDC_HEADERS 1
| #define HAVE_SYS_TYPES_H 1
| #define HAVE_SYS_STAT_H 1
| #define HAVE_STDLIB_H 1
| #define HAVE_STRING_H 1
| #define HAVE_MEMORY_H 1
| #define HAVE_STRINGS_H 1
| #define HAVE_INTTYPES_H 1
| #define HAVE_STDINT_H 1
| #define HAVE_UNISTD_H 1
| /* end confdefs.h.  */
| #include <minix/config.h>
configure:5012: result: no
configure:5045: checking for minix/config.h
configure:5052: result: no
configure:5083: checking whether it is safe to define __EXTENSIONS__
configure:5111: g++ -c   conftest.cpp >&5
configure:5118: $? = 0
configure:5133: result: yes
configure:5169: checking C++ compiler flags...
configure:5186: result: use default: -O2  -g -DNDEBUG
configure:5207: checking whether __SUNPRO_CC is declared
configure:5236: g++ -c  -g -DNDEBUG  conftest.cpp >&5
conftest.cpp: In function 'int main()':
conftest.cpp:62: error: '__SUNPRO_CC' was not declared in this scope
configure:5243: $? = 1
configure: failed program was:
| /* confdefs.h.  */
| #define PACKAGE_NAME "Protocol Buffers"
| #define PACKAGE_TARNAME "protobuf"
| #define PACKAGE_VERSION "2.3.0"
| #define PACKAGE_STRING "Protocol Buffers 2.3.0"
| #define PACKAGE_BUGREPORT "protobuf@googlegroups.com"
| #define PACKAGE "protobuf"
| #define VERSION "2.3.0"
| #define STDC_HEADERS 1
| #define HAVE_SYS_TYPES_H 1
| #define HAVE_SYS_STAT_H 1
| #define HAVE_STDLIB_H 1
| #define HAVE_STRING_H 1
| #define HAVE_MEMORY_H 1
| #define HAVE_STRINGS_H 1
| #define HAVE_INTTYPES_H 1
| #define HAVE_STDINT_H 1
| #define HAVE_UNISTD_H 1
| #define __EXTENSIONS__ 1
| #define _ALL_SOURCE 1
| #define _GNU_SOURCE 1
| #define _POSIX_PTHREAD_SEMANTICS 1
| #define _TANDEM_SOURCE 1
| /* end confdefs.h.  */
| #include <stdio.h>
| #ifdef HAVE_SYS_TYPES_H
| # include <sys/types.h>
| #endif
| #ifdef HAVE_SYS_STAT_H
| # include <sys/stat.h>
| #endif
| #ifdef STDC_HEADERS
| # include <stdlib.h>
| # include <stddef.h>
| #else
| # ifdef HAVE_STDLIB_H
| #  include <stdlib.h>
| # endif
| #endif
| #ifdef HAVE_STRING_H
| # if !defined STDC_HEADERS && defined HAVE_MEMORY_H
| #  include <memory.h>
| # endif
| # include <string.h>
| #endif
| #ifdef HAVE_STRINGS_H
| # include <strings.h>
| #endif
| #ifdef HAVE_INTTYPES_H
| # include <inttypes.h>
| #endif
| #ifdef HAVE_STDINT_H
| # include <stdint.h>
| #endif
| #ifdef HAVE_UNISTD_H
| # include <unistd.h>
| #endif
| int
| main ()
| {
| #ifndef __SUNPRO_CC
|   (void) __SUNPRO_CC;
| #endif
| 
|   ;
|   return 0;
| }
configure:5258: result: no
configure:5418: checking for a sed that does not truncate output
configure:5484: result: /bin/sed
configure:5502: checking for fgrep
configure:5566: result: /bin/grep -F
configure:5601: checking for ld used by gcc
configure:5668: result: /usr/bin/ld
configure:5677: checking if the linker (/usr/bin/ld) is GNU ld
configure:5692: result: yes
configure:5704: checking for BSD- or MS-compatible name lister (nm)
configure:5753: result: /usr/bin/nm -B
configure:5871: checking the name lister (/usr/bin/nm -B) interface
configure:5878: g++ -c  -g -DNDEBUG  conftest.cpp >&5
configure:5881: /usr/bin/nm -B "conftest.o"
configure:5884: output
0000000000000000 B some_variable
configure:5891: result: BSD nm
configure:5894: checking whether ln -s works
configure:5898: result: yes
configure:5906: checking the maximum length of command line arguments
configure:6026: result: 1966080
configure:6043: checking whether the shell understands some XSI constructs
configure:6053: result: yes
configure:6057: checking whether the shell understands "+="
configure:6063: result: yes
configure:6098: checking for /usr/bin/ld option to reload object files
configure:6105: result: -r
configure:6132: checking how to recognize dependent libraries
configure:6322: result: pass_all
configure:6382: checking for ar
configure:6398: found /usr/bin/ar
configure:6409: result: ar
configure:6487: checking for strip
configure:6503: found /usr/bin/strip
configure:6514: result: strip
configure:6586: checking for ranlib
configure:6602: found /usr/bin/ranlib
configure:6613: result: ranlib
configure:6703: checking command to parse /usr/bin/nm -B output from gcc object
configure:6821: g++ -c  -g -DNDEBUG  conftest.cpp >&5
configure:6824: $? = 0
configure:6828: /usr/bin/nm -B conftest.o \| sed -n -e 's/^.*[	 ]\([ABCDGIRSTW][ABCDGIRSTW]*\)[	 ][	 ]*\([_A-Za-z][_A-Za-z0-9]*\)$/\1 \2 \2/p' \> conftest.nm
configure:6831: $? = 0
configure:6885: g++ -o conftest  -g -DNDEBUG   conftest.cpp conftstm.o >&5
configure:6888: $? = 0
configure:6926: result: ok
configure:7022: g++ -c  -g -DNDEBUG  conftest.cpp >&5
configure:7025: $? = 0
configure:7792: checking for dlfcn.h
configure:7813: g++ -c  -g -DNDEBUG  conftest.cpp >&5
configure:7820: $? = 0
configure:7837: result: yes
configure:7964: checking for C++ compiler version
configure:7972: g++ --version >&5
g++ (GCC) 4.3.0 20080428 (Red Hat 4.3.0-8)
Copyright (C) 2008 Free Software Foundation, Inc.
This is free software; see the source for copying conditions.  There is NO
warranty; not even for MERCHANTABILITY or FITNESS FOR A PARTICULAR PURPOSE.

configure:7976: $? = 0
configure:7983: g++ -v >&5
Using built-in specs.
Target: x86_64-redhat-linux
Configured with: ../configure --prefix=/usr --mandir=/usr/share/man --infodir=/usr/share/info --with-bugurl=http://bugzilla.redhat.com/bugzilla --enable-bootstrap --enable-shared --enable-threads=posix --enable-checking=release --with-system-zlib --enable-__cxa_atexit --disable-libunwind-exceptions --enable-languages=c,c++,objc,obj-c++,java,fortran,ada --enable-java-awt=gtk --disable-dssi --enable-plugin --with-java-home=/usr/lib/jvm/java-1.5.0-gcj-1.5.0.0/jre --enable-libgcj-multifile --enable-java-maintainer-mode --with-ecj-jar=/usr/share/java/eclipse-ecj.jar --disable-libjava-multilib --with-cpu=generic --build=x86_64-redhat-linux
Thread model: posix
gcc version 4.3.0 20080428 (Red Hat 4.3.0-8) (GCC) 
configure:7987: $? = 0
configure:7994: g++ -V >&5
g++: '-V' option must have argument
configure:7998: $? = 1
configure:8001: checking whether we are using the GNU C++ compiler
configure:8054: result: yes
configure:8063: checking whether g++ accepts -g
configure:8201: result: yes
configure:8226: checking dependency style of g++
configure:8317: result: gcc3
configure:8340: checking how to run the C++ preprocessor
configure:8454: result: g++ -E
configure:8483: g++ -E  conftest.cpp
configure:8490: $? = 0
configure:8521: g++ -E  conftest.cpp
conftest.cpp:26:28: error: ac_nonexistent.h: No such file or directory
configure:8528: $? = 1
configure: failed program was:
| /* confdefs.h.  */
| #define PACKAGE_NAME "Protocol Buffers"
| #define PACKAGE_TARNAME "protobuf"
| #define PACKAGE_VERSION "2.3.0"
| #define PACKAGE_STRING "Protocol Buffers 2.3.0"
| #define PACKAGE_BUGREPORT "protobuf@googlegroups.com"
| #define PACKAGE "protobuf"
| #define VERSION "2.3.0"
| #define STDC_HEADERS 1
| #define HAVE_SYS_TYPES_H 1
| #define HAVE_SYS_STAT_H 1
| #define HAVE_STDLIB_H 1
| #define HAVE_STRING_H 1
| #define HAVE_MEMORY_H 1
| #define HAVE_STRINGS_H 1
| #define HAVE_INTTYPES_H 1
| #define HAVE_STDINT_H 1
| #define HAVE_UNISTD_H 1
| #define __EXTENSIONS__ 1
| #define _ALL_SOURCE 1
| #define _GNU_SOURCE 1
| #define _POSIX_PTHREAD_SEMANTICS 1
| #define _TANDEM_SOURCE 1
| #define HAVE_DLFCN_H 1
| /* end confdefs.h.  */
| #include <ac_nonexistent.h>
configure:8741: checking for objdir
configure:8756: result: .libs
configure:9052: checking if gcc supports -fno-rtti -fno-exceptions
configure:9070: gcc -c   -fno-rtti -fno-exceptions conftest.c >&5
cc1: warning: command line option "-fno-rtti" is valid for C++/ObjC++ but not for C
configure:9074: $? = 0
configure:9087: result: no
configure:9107: checking for gcc option to produce PIC
configure:9364: result: -fPIC -DPIC
configure:9376: checking if gcc PIC flag -fPIC -DPIC works
configure:9394: gcc -c   -fPIC -DPIC -DPIC conftest.c >&5
configure:9398: $? = 0
configure:9411: result: yes
configure:9435: checking if gcc static flag -static works
configure:9463: result: yes
configure:9478: checking if gcc supports -c -o file.o
configure:9499: gcc -c   -o out/conftest2.o conftest.c >&5
configure:9503: $? = 0
configure:9525: result: yes
configure:9533: checking if gcc supports -c -o file.o
configure:9580: result: yes
configure:9613: checking whether the gcc linker (/usr/bin/ld -m elf_x86_64) supports shared libraries
configure:10679: result: yes
configure:10716: checking whether -lc should be explicitly linked in
configure:10721: gcc -c   conftest.c >&5
configure:10724: $? = 0
configure:10739: gcc -shared conftest.o  -v -Wl,-soname -Wl,conftest -o conftest 2\>\&1 \| /bin/grep  -lc  \>/dev/null 2\>\&1
configure:10742: $? = 0
configure:10754: result: no
configure:10918: checking dynamic linker characteristics
configure:11361: gcc -o conftest    -Wl,-rpath -Wl,/foo conftest.c  >&5
configure:11368: $? = 0
configure:11601: result: GNU/Linux ld.so
configure:11703: checking how to hardcode library paths into programs
configure:11728: result: immediate
configure:12569: checking whether stripping libraries is possible
configure:12574: result: yes
configure:12609: checking if libtool supports shared libraries
configure:12611: result: yes
configure:12614: checking whether to build shared libraries
configure:12635: result: yes
configure:12638: checking whether to build static libraries
configure:12642: result: yes
configure:12792: checking for ld used by g++
configure:12859: result: /usr/bin/ld -m elf_x86_64
configure:12868: checking if the linker (/usr/bin/ld -m elf_x86_64) is GNU ld
configure:12883: result: yes
configure:12938: checking whether the g++ linker (/usr/bin/ld -m elf_x86_64) supports shared libraries
configure:13908: result: yes
configure:13936: g++ -c  -g -DNDEBUG  conftest.cpp >&5
configure:13939: $? = 0
configure:14121: checking for g++ option to produce PIC
configure:14430: result: -fPIC -DPIC
configure:14439: checking if g++ PIC flag -fPIC -DPIC works
configure:14457: g++ -c  -g -DNDEBUG  -fPIC -DPIC -DPIC conftest.cpp >&5
configure:14461: $? = 0
configure:14474: result: yes
configure:14495: checking if g++ static flag -static works
configure:14523: result: yes
configure:14535: checking if g++ supports -c -o file.o
configure:14556: g++ -c  -g -DNDEBUG  -o out/conftest2.o conftest.cpp >&5
configure:14560: $? = 0
configure:14582: result: yes
configure:14587: checking if g++ supports -c -o file.o
configure:14634: result: yes
configure:14664: checking whether the g++ linker (/usr/bin/ld -m elf_x86_64) supports shared libraries
configure:14690: result: yes
configure:14827: checking dynamic linker characteristics
configure:15218: g++ -o conftest  -g -DNDEBUG   -Wl,-rpath -Wl,/foo conftest.cpp  >&5
configure:15225: $? = 0
configure:15458: result: GNU/Linux ld.so
configure:15509: checking how to hardcode library paths into programs
configure:15534: result: immediate
configure:15594: checking for ANSI C header files
configure:15762: result: yes
configure:15792: checking fcntl.h usability
configure:15809: g++ -c  -g -DNDEBUG  conftest.cpp >&5
configure:15816: $? = 0
configure:15830: result: yes
configure:15834: checking fcntl.h presence
configure:15849: g++ -E  conftest.cpp
configure:15856: $? = 0
configure:15870: result: yes
configure:15903: checking for fcntl.h
configure:15912: result: yes
configure:15781: checking for inttypes.h
configure:15788: result: yes
configure:15792: checking limits.h usability
configure:15809: g++ -c  -g -DNDEBUG  conftest.cpp >&5
configure:15816: $? = 0
configure:15830: result: yes
configure:15834: checking limits.h presence
configure:15849: g++ -E  conftest.cpp
configure:15856: $? = 0
configure:15870: result: yes
configure:15903: checking for limits.h
configure:15912: result: yes
configure:15781: checking for stdlib.h
configure:15788: result: yes
configure:15781: checking for unistd.h
configure:15788: result: yes
configure:15929: checking for working memcmp
configure:15982: g++ -o conftest  -g -DNDEBUG   conftest.cpp  >&5
configure:15986: $? = 0
configure:15992: ./conftest
configure:15996: $? = 0
configure:16013: result: yes
configure:16022: checking for working strtod
configure:16073: g++ -o conftest  -g -DNDEBUG   conftest.cpp  >&5
conftest.cpp: In function 'int main()':
conftest.cpp:75: warning: deprecated conversion from string constant to 'char*'
conftest.cpp:86: warning: deprecated conversion from string constant to 'char*'
configure:16077: $? = 0
configure:16083: ./conftest
configure:16087: $? = 0
configure:16104: result: yes
configure:16285: checking for ftruncate
configure:16341: g++ -o conftest  -g -DNDEBUG   conftest.cpp  >&5
configure:16348: $? = 0
configure:16370: result: yes
configure:16285: checking for memset
configure:16341: g++ -o conftest  -g -DNDEBUG   conftest.cpp  >&5
configure:16348: $? = 0
configure:16370: result: yes
configure:16285: checking for mkdir
configure:16341: g++ -o conftest  -g -DNDEBUG   conftest.cpp  >&5
configure:16348: $? = 0
configure:16370: result: yes
configure:16285: checking for strchr
configure:16341: g++ -o conftest  -g -DNDEBUG   conftest.cpp  >&5
configure:16348: $? = 0
configure:16370: result: yes
configure:16285: checking for strerror
configure:16341: g++ -o conftest  -g -DNDEBUG   conftest.cpp  >&5
configure:16348: $? = 0
configure:16370: result: yes
configure:16285: checking for strtol
configure:16341: g++ -o conftest  -g -DNDEBUG   conftest.cpp  >&5
configure:16348: $? = 0
configure:16370: result: yes
configure:16387: checking zlib version
configure:16417: g++ -c  -g -DNDEBUG  conftest.cpp >&5
configure:16424: $? = 0
configure:16430: result: ok (1.2.0.4 or later)
configure:16434: checking for library containing zlibVersion
configure:16475: g++ -o conftest  -g -DNDEBUG   conftest.cpp  >&5
/tmp/ccMDoYtS.o: In function `main':
/u/bordesa/Desktop/sentiment_forET/lib/protobuf/conftest.cpp:50: undefined reference to `zlibVersion'
collect2: ld returned 1 exit status
configure:16482: $? = 1
configure: failed program was:
| /* confdefs.h.  */
| #define PACKAGE_NAME "Protocol Buffers"
| #define PACKAGE_TARNAME "protobuf"
| #define PACKAGE_VERSION "2.3.0"
| #define PACKAGE_STRING "Protocol Buffers 2.3.0"
| #define PACKAGE_BUGREPORT "protobuf@googlegroups.com"
| #define PACKAGE "protobuf"
| #define VERSION "2.3.0"
| #define STDC_HEADERS 1
| #define HAVE_SYS_TYPES_H 1
| #define HAVE_SYS_STAT_H 1
| #define HAVE_STDLIB_H 1
| #define HAVE_STRING_H 1
| #define HAVE_MEMORY_H 1
| #define HAVE_STRINGS_H 1
| #define HAVE_INTTYPES_H 1
| #define HAVE_STDINT_H 1
| #define HAVE_UNISTD_H 1
| #define __EXTENSIONS__ 1
| #define _ALL_SOURCE 1
| #define _GNU_SOURCE 1
| #define _POSIX_PTHREAD_SEMANTICS 1
| #define _TANDEM_SOURCE 1
| #define HAVE_DLFCN_H 1
| #define LT_OBJDIR ".libs/"
| #define STDC_HEADERS 1
| #define HAVE_FCNTL_H 1
| #define HAVE_INTTYPES_H 1
| #define HAVE_LIMITS_H 1
| #define HAVE_STDLIB_H 1
| #define HAVE_UNISTD_H 1
| #define HAVE_FTRUNCATE 1
| #define HAVE_MEMSET 1
| #define HAVE_MKDIR 1
| #define HAVE_STRCHR 1
| #define HAVE_STRERROR 1
| #define HAVE_STRTOL 1
| /* end confdefs.h.  */
| 
| /* Override any GCC internal prototype to avoid an error.
|    Use char because int might match the return type of a GCC
|    builtin and then its argument prototype would still apply.  */
| #ifdef __cplusplus
| extern "C"
| #endif
| char zlibVersion ();
| int
| main ()
| {
| return zlibVersion ();
|   ;
|   return 0;
| }
configure:16475: g++ -o conftest  -g -DNDEBUG   conftest.cpp -lz   >&5
configure:16482: $? = 0
configure:16513: result: -lz
configure:16813: checking for the pthreads library -lpthreads
configure:16856: gcc -o conftest     conftest.c -lpthreads -lz  >&5
/usr/bin/ld: cannot find -lpthreads
collect2: ld returned 1 exit status
configure:16863: $? = 1
configure: failed program was:
| /* confdefs.h.  */
| #define PACKAGE_NAME "Protocol Buffers"
| #define PACKAGE_TARNAME "protobuf"
| #define PACKAGE_VERSION "2.3.0"
| #define PACKAGE_STRING "Protocol Buffers 2.3.0"
| #define PACKAGE_BUGREPORT "protobuf@googlegroups.com"
| #define PACKAGE "protobuf"
| #define VERSION "2.3.0"
| #define STDC_HEADERS 1
| #define HAVE_SYS_TYPES_H 1
| #define HAVE_SYS_STAT_H 1
| #define HAVE_STDLIB_H 1
| #define HAVE_STRING_H 1
| #define HAVE_MEMORY_H 1
| #define HAVE_STRINGS_H 1
| #define HAVE_INTTYPES_H 1
| #define HAVE_STDINT_H 1
| #define HAVE_UNISTD_H 1
| #define __EXTENSIONS__ 1
| #define _ALL_SOURCE 1
| #define _GNU_SOURCE 1
| #define _POSIX_PTHREAD_SEMANTICS 1
| #define _TANDEM_SOURCE 1
| #define HAVE_DLFCN_H 1
| #define LT_OBJDIR ".libs/"
| #define STDC_HEADERS 1
| #define HAVE_FCNTL_H 1
| #define HAVE_INTTYPES_H 1
| #define HAVE_LIMITS_H 1
| #define HAVE_STDLIB_H 1
| #define HAVE_UNISTD_H 1
| #define HAVE_FTRUNCATE 1
| #define HAVE_MEMSET 1
| #define HAVE_MKDIR 1
| #define HAVE_STRCHR 1
| #define HAVE_STRERROR 1
| #define HAVE_STRTOL 1
| #define HAVE_ZLIB 1
| /* end confdefs.h.  */
| #include <pthread.h>
| int
| main ()
| {
| pthread_t th; pthread_join(th, 0);
|                      pthread_attr_init(0); pthread_cleanup_push(0, 0);
|                      pthread_create(0,0,0,0); pthread_cleanup_pop(0);
|   ;
|   return 0;
| }
configure:16886: result: no
configure:16758: checking whether pthreads work without any flags
configure:16856: gcc -o conftest     conftest.c  -lz  >&5
/tmp/ccE8yNAw.o: In function `main':
conftest.c:(.text+0x15): undefined reference to `pthread_join'
conftest.c:(.text+0x6f): undefined reference to `__pthread_register_cancel'
conftest.c:(.text+0x88): undefined reference to `pthread_create'
conftest.c:(.text+0x94): undefined reference to `__pthread_unregister_cancel'
collect2: ld returned 1 exit status
configure:16863: $? = 1
configure: failed program was:
| /* confdefs.h.  */
| #define PACKAGE_NAME "Protocol Buffers"
| #define PACKAGE_TARNAME "protobuf"
| #define PACKAGE_VERSION "2.3.0"
| #define PACKAGE_STRING "Protocol Buffers 2.3.0"
| #define PACKAGE_BUGREPORT "protobuf@googlegroups.com"
| #define PACKAGE "protobuf"
| #define VERSION "2.3.0"
| #define STDC_HEADERS 1
| #define HAVE_SYS_TYPES_H 1
| #define HAVE_SYS_STAT_H 1
| #define HAVE_STDLIB_H 1
| #define HAVE_STRING_H 1
| #define HAVE_MEMORY_H 1
| #define HAVE_STRINGS_H 1
| #define HAVE_INTTYPES_H 1
| #define HAVE_STDINT_H 1
| #define HAVE_UNISTD_H 1
| #define __EXTENSIONS__ 1
| #define _ALL_SOURCE 1
| #define _GNU_SOURCE 1
| #define _POSIX_PTHREAD_SEMANTICS 1
| #define _TANDEM_SOURCE 1
| #define HAVE_DLFCN_H 1
| #define LT_OBJDIR ".libs/"
| #define STDC_HEADERS 1
| #define HAVE_FCNTL_H 1
| #define HAVE_INTTYPES_H 1
| #define HAVE_LIMITS_H 1
| #define HAVE_STDLIB_H 1
| #define HAVE_UNISTD_H 1
| #define HAVE_FTRUNCATE 1
| #define HAVE_MEMSET 1
| #define HAVE_MKDIR 1
| #define HAVE_STRCHR 1
| #define HAVE_STRERROR 1
| #define HAVE_STRTOL 1
| #define HAVE_ZLIB 1
| /* end confdefs.h.  */
| #include <pthread.h>
| int
| main ()
| {
| pthread_t th; pthread_join(th, 0);
|                      pthread_attr_init(0); pthread_cleanup_push(0, 0);
|                      pthread_create(0,0,0,0); pthread_cleanup_pop(0);
|   ;
|   return 0;
| }
configure:16886: result: no
configure:16763: checking whether pthreads work with -Kthread
configure:16856: gcc -o conftest  -Kthread   conftest.c  -lz  >&5
gcc: unrecognized option '-Kthread'
/tmp/ccgmd9YJ.o: In function `main':
conftest.c:(.text+0x15): undefined reference to `pthread_join'
conftest.c:(.text+0x6f): undefined reference to `__pthread_register_cancel'
conftest.c:(.text+0x88): undefined reference to `pthread_create'
conftest.c:(.text+0x94): undefined reference to `__pthread_unregister_cancel'
collect2: ld returned 1 exit status
configure:16863: $? = 1
configure: failed program was:
| /* confdefs.h.  */
| #define PACKAGE_NAME "Protocol Buffers"
| #define PACKAGE_TARNAME "protobuf"
| #define PACKAGE_VERSION "2.3.0"
| #define PACKAGE_STRING "Protocol Buffers 2.3.0"
| #define PACKAGE_BUGREPORT "protobuf@googlegroups.com"
| #define PACKAGE "protobuf"
| #define VERSION "2.3.0"
| #define STDC_HEADERS 1
| #define HAVE_SYS_TYPES_H 1
| #define HAVE_SYS_STAT_H 1
| #define HAVE_STDLIB_H 1
| #define HAVE_STRING_H 1
| #define HAVE_MEMORY_H 1
| #define HAVE_STRINGS_H 1
| #define HAVE_INTTYPES_H 1
| #define HAVE_STDINT_H 1
| #define HAVE_UNISTD_H 1
| #define __EXTENSIONS__ 1
| #define _ALL_SOURCE 1
| #define _GNU_SOURCE 1
| #define _POSIX_PTHREAD_SEMANTICS 1
| #define _TANDEM_SOURCE 1
| #define HAVE_DLFCN_H 1
| #define LT_OBJDIR ".libs/"
| #define STDC_HEADERS 1
| #define HAVE_FCNTL_H 1
| #define HAVE_INTTYPES_H 1
| #define HAVE_LIMITS_H 1
| #define HAVE_STDLIB_H 1
| #define HAVE_UNISTD_H 1
| #define HAVE_FTRUNCATE 1
| #define HAVE_MEMSET 1
| #define HAVE_MKDIR 1
| #define HAVE_STRCHR 1
| #define HAVE_STRERROR 1
| #define HAVE_STRTOL 1
| #define HAVE_ZLIB 1
| /* end confdefs.h.  */
| #include <pthread.h>
| int
| main ()
| {
| pthread_t th; pthread_join(th, 0);
|                      pthread_attr_init(0); pthread_cleanup_push(0, 0);
|                      pthread_create(0,0,0,0); pthread_cleanup_pop(0);
|   ;
|   return 0;
| }
configure:16886: result: no
configure:16763: checking whether pthreads work with -kthread
configure:16856: gcc -o conftest  -kthread   conftest.c  -lz  >&5
gcc: unrecognized option '-kthread'
/tmp/ccKzrkPU.o: In function `main':
conftest.c:(.text+0x15): undefined reference to `pthread_join'
conftest.c:(.text+0x6f): undefined reference to `__pthread_register_cancel'
conftest.c:(.text+0x88): undefined reference to `pthread_create'
conftest.c:(.text+0x94): undefined reference to `__pthread_unregister_cancel'
collect2: ld returned 1 exit status
configure:16863: $? = 1
configure: failed program was:
| /* confdefs.h.  */
| #define PACKAGE_NAME "Protocol Buffers"
| #define PACKAGE_TARNAME "protobuf"
| #define PACKAGE_VERSION "2.3.0"
| #define PACKAGE_STRING "Protocol Buffers 2.3.0"
| #define PACKAGE_BUGREPORT "protobuf@googlegroups.com"
| #define PACKAGE "protobuf"
| #define VERSION "2.3.0"
| #define STDC_HEADERS 1
| #define HAVE_SYS_TYPES_H 1
| #define HAVE_SYS_STAT_H 1
| #define HAVE_STDLIB_H 1
| #define HAVE_STRING_H 1
| #define HAVE_MEMORY_H 1
| #define HAVE_STRINGS_H 1
| #define HAVE_INTTYPES_H 1
| #define HAVE_STDINT_H 1
| #define HAVE_UNISTD_H 1
| #define __EXTENSIONS__ 1
| #define _ALL_SOURCE 1
| #define _GNU_SOURCE 1
| #define _POSIX_PTHREAD_SEMANTICS 1
| #define _TANDEM_SOURCE 1
| #define HAVE_DLFCN_H 1
| #define LT_OBJDIR ".libs/"
| #define STDC_HEADERS 1
| #define HAVE_FCNTL_H 1
| #define HAVE_INTTYPES_H 1
| #define HAVE_LIMITS_H 1
| #define HAVE_STDLIB_H 1
| #define HAVE_UNISTD_H 1
| #define HAVE_FTRUNCATE 1
| #define HAVE_MEMSET 1
| #define HAVE_MKDIR 1
| #define HAVE_STRCHR 1
| #define HAVE_STRERROR 1
| #define HAVE_STRTOL 1
| #define HAVE_ZLIB 1
| /* end confdefs.h.  */
| #include <pthread.h>
| int
| main ()
| {
| pthread_t th; pthread_join(th, 0);
|                      pthread_attr_init(0); pthread_cleanup_push(0, 0);
|                      pthread_create(0,0,0,0); pthread_cleanup_pop(0);
|   ;
|   return 0;
| }
configure:16886: result: no
configure:16813: checking for the pthreads library -llthread
configure:16856: gcc -o conftest     conftest.c -llthread -lz  >&5
/usr/bin/ld: cannot find -llthread
collect2: ld returned 1 exit status
configure:16863: $? = 1
configure: failed program was:
| /* confdefs.h.  */
| #define PACKAGE_NAME "Protocol Buffers"
| #define PACKAGE_TARNAME "protobuf"
| #define PACKAGE_VERSION "2.3.0"
| #define PACKAGE_STRING "Protocol Buffers 2.3.0"
| #define PACKAGE_BUGREPORT "protobuf@googlegroups.com"
| #define PACKAGE "protobuf"
| #define VERSION "2.3.0"
| #define STDC_HEADERS 1
| #define HAVE_SYS_TYPES_H 1
| #define HAVE_SYS_STAT_H 1
| #define HAVE_STDLIB_H 1
| #define HAVE_STRING_H 1
| #define HAVE_MEMORY_H 1
| #define HAVE_STRINGS_H 1
| #define HAVE_INTTYPES_H 1
| #define HAVE_STDINT_H 1
| #define HAVE_UNISTD_H 1
| #define __EXTENSIONS__ 1
| #define _ALL_SOURCE 1
| #define _GNU_SOURCE 1
| #define _POSIX_PTHREAD_SEMANTICS 1
| #define _TANDEM_SOURCE 1
| #define HAVE_DLFCN_H 1
| #define LT_OBJDIR ".libs/"
| #define STDC_HEADERS 1
| #define HAVE_FCNTL_H 1
| #define HAVE_INTTYPES_H 1
| #define HAVE_LIMITS_H 1
| #define HAVE_STDLIB_H 1
| #define HAVE_UNISTD_H 1
| #define HAVE_FTRUNCATE 1
| #define HAVE_MEMSET 1
| #define HAVE_MKDIR 1
| #define HAVE_STRCHR 1
| #define HAVE_STRERROR 1
| #define HAVE_STRTOL 1
| #define HAVE_ZLIB 1
| /* end confdefs.h.  */
| #include <pthread.h>
| int
| main ()
| {
| pthread_t th; pthread_join(th, 0);
|                      pthread_attr_init(0); pthread_cleanup_push(0, 0);
|                      pthread_create(0,0,0,0); pthread_cleanup_pop(0);
|   ;
|   return 0;
| }
configure:16886: result: no
configure:16763: checking whether pthreads work with -pthread
configure:16856: gcc -o conftest  -pthread   conftest.c  -lz  >&5
configure:16863: $? = 0
configure:16886: result: yes
configure:16905: checking for joinable pthread attribute
configure:16930: gcc -o conftest  -pthread   conftest.c  -lz  >&5
configure:16937: $? = 0
configure:16957: result: PTHREAD_CREATE_JOINABLE
configure:16967: checking if more special flags are required for pthreads
configure:16974: result: no
configure:17063: checking whether to check for GCC pthread/shared inconsistencies
configure:17086: gcc -o conftest -shared -fPIC -Wl,-z,defs  -pthread   conftest.c  -lz  >&5
configure:17093: $? = 0
configure:17117: result: yes
configure:17123: checking whether -pthread is sufficient with -shared
configure:17148: gcc -o conftest -shared -fPIC -Wl,-z,defs  -pthread   conftest.c  -lz  >&5
configure:17155: $? = 0
configure:17176: result: yes
configure:17356: checking the location of hash_map
configure:17400: g++ -c  -g -DNDEBUG  conftest.cpp >&5
configure:17407: $? = 0
configure:17465: result: <tr1/unordered_map>
configure:17638: creating ./config.status

## ---------------- ##
## Cache variables. ##
## ---------------- ##

ac_cv_build=x86_64-unknown-linux-gnu
ac_cv_c_compiler_gnu=yes
ac_cv_cxx_compiler_gnu=yes
ac_cv_cxx_hash_map_class=unordered_map
ac_cv_cxx_hash_map_header='<tr1/unordered_map>'
ac_cv_cxx_hash_namespace=std::tr1
ac_cv_cxx_hash_set_class=unordered_set
ac_cv_cxx_hash_set_header='<tr1/unordered_set>'
ac_cv_env_CCC_set=
ac_cv_env_CCC_value=
ac_cv_env_CC_set=
ac_cv_env_CC_value=
ac_cv_env_CFLAGS_set=
ac_cv_env_CFLAGS_value=
ac_cv_env_CPPFLAGS_set=
ac_cv_env_CPPFLAGS_value=
ac_cv_env_CXXCPP_set=
ac_cv_env_CXXCPP_value=
ac_cv_env_CXXFLAGS_set=
ac_cv_env_CXXFLAGS_value=
ac_cv_env_CXX_set=
ac_cv_env_CXX_value=
ac_cv_env_LDFLAGS_set=
ac_cv_env_LDFLAGS_value=
ac_cv_env_LIBS_set=
ac_cv_env_LIBS_value=
ac_cv_env_build_alias_set=
ac_cv_env_build_alias_value=
ac_cv_env_host_alias_set=
ac_cv_env_host_alias_value=
ac_cv_env_target_alias_set=
ac_cv_env_target_alias_value=
ac_cv_func_ftruncate=yes
ac_cv_func_memcmp_working=yes
ac_cv_func_memset=yes
ac_cv_func_mkdir=yes
ac_cv_func_strchr=yes
ac_cv_func_strerror=yes
ac_cv_func_strtod=yes
ac_cv_func_strtol=yes
ac_cv_have_decl___SUNPRO_CC=no
ac_cv_header_dlfcn_h=yes
ac_cv_header_fcntl_h=yes
ac_cv_header_inttypes_h=yes
ac_cv_header_limits_h=yes
ac_cv_header_memory_h=yes
ac_cv_header_minix_config_h=no
ac_cv_header_stdc=yes
ac_cv_header_stdint_h=yes
ac_cv_header_stdlib_h=yes
ac_cv_header_string_h=yes
ac_cv_header_strings_h=yes
ac_cv_header_sys_stat_h=yes
ac_cv_header_sys_types_h=yes
ac_cv_header_unistd_h=yes
ac_cv_host=x86_64-unknown-linux-gnu
ac_cv_objext=o
ac_cv_path_EGREP='/bin/grep -E'
ac_cv_path_FGREP='/bin/grep -F'
ac_cv_path_GREP=/bin/grep
ac_cv_path_SED=/bin/sed
ac_cv_path_install='/usr/bin/install -c'
ac_cv_path_mkdir=/bin/mkdir
ac_cv_prog_AWK=gawk
ac_cv_prog_CXXCPP='g++ -E'
ac_cv_prog_ac_ct_AR=ar
ac_cv_prog_ac_ct_CC=gcc
ac_cv_prog_ac_ct_CXX=g++
ac_cv_prog_ac_ct_RANLIB=ranlib
ac_cv_prog_ac_ct_STRIP=strip
ac_cv_prog_cc_c89=
ac_cv_prog_cc_g=yes
ac_cv_prog_cxx_g=yes
ac_cv_prog_make_make_set=yes
ac_cv_safe_to_define___extensions__=yes
ac_cv_search_zlibVersion=-lz
ac_cv_target=x86_64-unknown-linux-gnu
am_cv_CC_dependencies_compiler_type=gcc3
am_cv_CXX_dependencies_compiler_type=gcc3
lt_cv_deplibs_check_method=pass_all
lt_cv_file_magic_cmd='$MAGIC_CMD'
lt_cv_file_magic_test_file=
lt_cv_ld_reload_flag=-r
lt_cv_nm_interface='BSD nm'
lt_cv_objdir=.libs
lt_cv_path_LD=/usr/bin/ld
lt_cv_path_LDCXX='/usr/bin/ld -m elf_x86_64'
lt_cv_path_NM='/usr/bin/nm -B'
lt_cv_prog_compiler_c_o=yes
lt_cv_prog_compiler_c_o_CXX=yes
lt_cv_prog_compiler_pic_works=yes
lt_cv_prog_compiler_pic_works_CXX=yes
lt_cv_prog_compiler_rtti_exceptions=no
lt_cv_prog_compiler_static_works=yes
lt_cv_prog_compiler_static_works_CXX=yes
lt_cv_prog_gnu_ld=yes
lt_cv_prog_gnu_ldcxx=yes
lt_cv_sys_global_symbol_pipe='sed -n -e '\''s/^.*[	 ]\([ABCDGIRSTW][ABCDGIRSTW]*\)[	 ][	 ]*\([_A-Za-z][_A-Za-z0-9]*\)$/\1 \2 \2/p'\'''
lt_cv_sys_global_symbol_to_c_name_address='sed -n -e '\''s/^: \([^ ]*\) $/  {\"\1\", (void *) 0},/p'\'' -e '\''s/^[ABCDGIRSTW]* \([^ ]*\) \([^ ]*\)$/  {"\2", (void *) \&\2},/p'\'''
lt_cv_sys_global_symbol_to_c_name_address_lib_prefix='sed -n -e '\''s/^: \([^ ]*\) $/  {\"\1\", (void *) 0},/p'\'' -e '\''s/^[ABCDGIRSTW]* \([^ ]*\) \(lib[^ ]*\)$/  {"\2", (void *) \&\2},/p'\'' -e '\''s/^[ABCDGIRSTW]* \([^ ]*\) \([^ ]*\)$/  {"lib\2", (void *) \&\2},/p'\'''
lt_cv_sys_global_symbol_to_cdecl='sed -n -e '\''s/^T .* \(.*\)$/extern int \1();/p'\'' -e '\''s/^[ABCDGIRSTW]* .* \(.*\)$/extern char \1;/p'\'''
lt_cv_sys_max_cmd_len=1966080

## ----------------- ##
## Output variables. ##
## ----------------- ##

ACLOCAL='${SHELL} /u/bordesa/Desktop/sentiment_forET/lib/protobuf/missing --run aclocal-1.10'
AMDEPBACKSLASH='\'
AMDEP_FALSE='#'
AMDEP_TRUE=''
AMTAR='${SHELL} /u/bordesa/Desktop/sentiment_forET/lib/protobuf/missing --run tar'
AR='ar'
AUTOCONF='${SHELL} /u/bordesa/Desktop/sentiment_forET/lib/protobuf/missing --run autoconf'
AUTOHEADER='${SHELL} /u/bordesa/Desktop/sentiment_forET/lib/protobuf/missing --run autoheader'
AUTOMAKE='${SHELL} /u/bordesa/Desktop/sentiment_forET/lib/protobuf/missing --run automake-1.10'
AWK='gawk'
CC='gcc'
CCDEPMODE='depmode=gcc3'
CFLAGS=''
CPPFLAGS=''
CXX='g++'
CXXCPP='g++ -E'
CXXDEPMODE='depmode=gcc3'
CXXFLAGS=' -g -DNDEBUG'
CYGPATH_W='echo'
DEFS='-DHAVE_CONFIG_H'
DEPDIR='.deps'
DSYMUTIL=''
DUMPBIN=''
ECHO_C=''
ECHO_N='-n'
ECHO_T=''
EGREP='/bin/grep -E'
EXEEXT=''
FGREP='/bin/grep -F'
GCC_FALSE='#'
GCC_TRUE=''
GREP='/bin/grep'
HAVE_ZLIB_FALSE='#'
HAVE_ZLIB_TRUE=''
INSTALL_DATA='${INSTALL} -m 644'
INSTALL_PROGRAM='${INSTALL}'
INSTALL_SCRIPT='${INSTALL}'
INSTALL_STRIP_PROGRAM='$(install_sh) -c -s'
ISAINFO=''
LD='/usr/bin/ld -m elf_x86_64'
LDFLAGS=''
LIBOBJS=''
LIBS='-lz '
LIBTOOL='$(SHELL) $(top_builddir)/libtool'
LIPO=''
LN_S='ln -s'
LTLIBOBJS=''
MAKEINFO='${SHELL} /u/bordesa/Desktop/sentiment_forET/lib/protobuf/missing --run makeinfo'
MKDIR_P='/bin/mkdir -p'
NM='/usr/bin/nm -B'
NMEDIT=''
OBJEXT='o'
OTOOL64=''
OTOOL=''
PACKAGE='protobuf'
PACKAGE_BUGREPORT='protobuf@googlegroups.com'
PACKAGE_NAME='Protocol Buffers'
PACKAGE_STRING='Protocol Buffers 2.3.0'
PACKAGE_TARNAME='protobuf'
PACKAGE_VERSION='2.3.0'
PATH_SEPARATOR=':'
POW_LIB=''
PROTOBUF_OPT_FLAG='-O2'
PROTOC=''
PTHREAD_CC='gcc'
PTHREAD_CFLAGS='-pthread'
PTHREAD_LIBS=''
RANLIB='ranlib'
SED='/bin/sed'
SET_MAKE=''
SHELL='/bin/sh'
STRIP='strip'
USE_EXTERNAL_PROTOC_FALSE=''
USE_EXTERNAL_PROTOC_TRUE='#'
VERSION='2.3.0'
ac_ct_CC='gcc'
ac_ct_CXX='g++'
ac_ct_DUMPBIN=''
acx_pthread_config=''
am__fastdepCC_FALSE='#'
am__fastdepCC_TRUE=''
am__fastdepCXX_FALSE='#'
am__fastdepCXX_TRUE=''
am__include='include'
am__isrc=''
am__leading_dot='.'
am__quote=''
am__tar='${AMTAR} chof - "$$tardir"'
am__untar='${AMTAR} xf -'
bindir='${exec_prefix}/bin'
build='x86_64-unknown-linux-gnu'
build_alias=''
build_cpu='x86_64'
build_os='linux-gnu'
build_vendor='unknown'
datadir='${datarootdir}'
datarootdir='${prefix}/share'
docdir='${datarootdir}/doc/${PACKAGE_TARNAME}'
dvidir='${docdir}'
exec_prefix='/u/bordesa/Desktop/sentiment_forET/lib/protobuf/../install'
host='x86_64-unknown-linux-gnu'
host_alias=''
host_cpu='x86_64'
host_os='linux-gnu'
host_vendor='unknown'
htmldir='${docdir}'
includedir='${prefix}/include'
infodir='${datarootdir}/info'
install_sh='$(SHELL) /u/bordesa/Desktop/sentiment_forET/lib/protobuf/install-sh'
libdir='${exec_prefix}/lib'
libexecdir='${exec_prefix}/libexec'
localedir='${datarootdir}/locale'
localstatedir='${prefix}/var'
lt_ECHO='echo'
mandir='${datarootdir}/man'
mkdir_p='/bin/mkdir -p'
oldincludedir='/usr/include'
pdfdir='${docdir}'
prefix='/u/bordesa/Desktop/sentiment_forET/lib/protobuf/../install'
program_transform_name='s,x,x,'
psdir='${docdir}'
sbindir='${exec_prefix}/sbin'
sharedstatedir='${prefix}/com'
subdirs=' gtest'
sysconfdir='${prefix}/etc'
target='x86_64-unknown-linux-gnu'
target_alias=''
target_cpu='x86_64'
target_os='linux-gnu'
target_vendor='unknown'

## ----------- ##
## confdefs.h. ##
## ----------- ##

#define PACKAGE_NAME "Protocol Buffers"
#define PACKAGE_TARNAME "protobuf"
#define PACKAGE_VERSION "2.3.0"
#define PACKAGE_STRING "Protocol Buffers 2.3.0"
#define PACKAGE_BUGREPORT "protobuf@googlegroups.com"
#define PACKAGE "protobuf"
#define VERSION "2.3.0"
#define STDC_HEADERS 1
#define HAVE_SYS_TYPES_H 1
#define HAVE_SYS_STAT_H 1
#define HAVE_STDLIB_H 1
#define HAVE_STRING_H 1
#define HAVE_MEMORY_H 1
#define HAVE_STRINGS_H 1
#define HAVE_INTTYPES_H 1
#define HAVE_STDINT_H 1
#define HAVE_UNISTD_H 1
#define __EXTENSIONS__ 1
#define _ALL_SOURCE 1
#define _GNU_SOURCE 1
#define _POSIX_PTHREAD_SEMANTICS 1
#define _TANDEM_SOURCE 1
#define HAVE_DLFCN_H 1
#define LT_OBJDIR ".libs/"
#define STDC_HEADERS 1
#define HAVE_FCNTL_H 1
#define HAVE_INTTYPES_H 1
#define HAVE_LIMITS_H 1
#define HAVE_STDLIB_H 1
#define HAVE_UNISTD_H 1
#define HAVE_FTRUNCATE 1
#define HAVE_MEMSET 1
#define HAVE_MKDIR 1
#define HAVE_STRCHR 1
#define HAVE_STRERROR 1
#define HAVE_STRTOL 1
#define HAVE_ZLIB 1
#define HAVE_PTHREAD 1
#define HAVE_HASH_MAP 1
#define HAVE_HASH_SET 1
#define HASH_MAP_H <tr1/unordered_map>
#define HASH_SET_H <tr1/unordered_set>
#define HASH_MAP_CLASS unordered_map
#define HASH_SET_CLASS unordered_set
#define HASH_NAMESPACE std::tr1

configure: exit 0

## ---------------------- ##
## Running config.status. ##
## ---------------------- ##

This file was extended by Protocol Buffers config.status 2.3.0, which was
generated by GNU Autoconf 2.63.  Invocation command line was

  CONFIG_FILES    = 
  CONFIG_HEADERS  = 
  CONFIG_LINKS    = 
  CONFIG_COMMANDS = 
  $ ./config.status 

on leprof.iro.umontreal.ca

config.status:1088: creating Makefile
config.status:1088: creating src/Makefile
config.status:1088: creating protobuf.pc
config.status:1088: creating protobuf-lite.pc
config.status:1088: creating config.h
config.status:1362: executing depfiles commands
config.status:1362: executing libtool commands

## ---------------------- ##
## Running config.status. ##
## ---------------------- ##

This file was extended by Protocol Buffers config.status 2.3.0, which was
generated by GNU Autoconf 2.63.  Invocation command line was

  CONFIG_FILES    = 
  CONFIG_HEADERS  = 
  CONFIG_LINKS    = 
  CONFIG_COMMANDS = 
  $ ./config.status config.h

on leprof.iro.umontreal.ca

config.status:1088: creating config.h
